2024/12/02 11:23:56 

2024/12/02 11:23:56 ───────────────────┬─────┬───────┬───────┬───────┬────────┬────────┬────────┬────────┬────────┬────────┬───────
2024/12/02 11:23:56        reqtime      总耗时  请求数   成功数   失败数     QPS    最长耗时  最短耗时  平均耗时   下载字节   字节每秒   状态码  
2024/12/02 11:23:56 ───────────────────┼─────┼───────┼───────┼───────┼────────┼────────┼────────┼────────┼────────┼────────┬───────
2024/12/02 11:23:57 2024-12-02 11:23:57│   1s│      0│      0│      0│    0.00│    0.00│    0.00│    0.00│        │        │
2024/12/02 11:23:58 2024-12-02 11:23:58│   2s│    100│    100│      0│  706.11│   37.30│    6.74│   14.16│        │        │200:100
2024/12/02 11:23:59 2024-12-02 11:23:59│   3s│    100│    100│      0│  706.11│   37.30│    6.74│   14.16│        │        │200:100
2024/12/02 11:23:59 出现panic send on closed channel
2024/12/02 11:23:59 出现panic send on closed channel
2024/12/02 11:23:59 出现panic send on closed channel
2024/12/02 11:23:59 出现panic send on closed channel
2024/12/02 11:23:59 出现panic send on closed channel
2024/12/02 11:23:59 出现panic send on closed channel
2024/12/02 11:23:59 出现panic send on closed channel
2024/12/02 11:23:59 出现panic send on closed channel
2024/12/02 11:23:59 出现panic send on closed channel
2024/12/02 11:23:59 出现panic send on closed channel
2024/12/02 11:23:59 发送延时最大的消息： {"msgType":1003,"operationId":"1733109837258616700_5_dxniv7tfarr","code":0,"message":"","data":"{\"serverMsgId\":\"fo5nldty8v3\",\"clientMsgId\":\"1733109837258616700_5_dxniv7tfarr\",\"sendTime\":\"1733109837\"}"}
2024/12/02 11:23:59 发送延时时间： 37 ms
2024/12/02 11:23:59 

2024/12/02 11:23:59 *************************  结果 stat  ****************************
2024/12/02 11:23:59 处理协程数量: 10
2024/12/02 11:23:59 请求总数（并发数*请求数 -c * -n）: 100 程序运行时间: 3.023 秒 successNum: 100 failureNum: 0
2024/12/02 11:23:59 tp90: 19.000
2024/12/02 11:23:59 tp95: 20.000
2024/12/02 11:23:59 tp99: 37.000
2024/12/02 11:23:59 *************************  结果 end   ****************************
2024/12/02 11:23:59 

2024/12/02 11:23:59 消息接收开始时间： 2024-12-02 11:23:57
2024/12/02 11:23:59 消息接收结束时间： 2024-12-02 11:23:58
2024/12/02 11:23:59 最后一条消息发送时间： 2024-12-02 11:23:57
2024/12/02 11:23:59 最后一条发送消息： 
	{
	 "msgType": 1003,
	 "operationId": "1733109837134601500_1_dxniv7sq0jr",
	 "data": "{\"sid\":\"udxna1v6gnk7\",\"gid\":\"dxniv7sq0jr\",\"sty\":2,\"cty\":101,\"cmid\":\"1733109837134601500_1_dxniv7sq0jr\",\"c\":\"1733109837134601500_udxna1v6gnk7_dxniv7sq0jr_1\"}"
	}
2024/12/02 11:23:59 模客户端共计收到消息： 20
2024/12/02 11:23:59 模客户端收到正确消息： 20
2024/12/02 11:23:59 模客户端消息平均延时ms： 20
2024/12/02 11:23:59 模客户端消息最大延时ms： 249
2024/12/02 11:23:59 模客户端消息最大延时的content： 1733109837258616700_udxna1v6rw3r_dxniv7tfarr_3---接收时间：1733109837507650500
2024/12/02 11:23:59 模客户端总接收时间耗时ms： 172
2024/12/02 11:23:59 总处理时间ms： 1018
2024/12/02 11:23:59 平均消息请求处理TPS： 981
2024/12/02 11:23:59 平均消息处理瞬时qps： 479
2024/12/02 11:23:59 有遗漏消息客户端总数： 0
2024/12/02 11:23:59 所有客户端接收到的总消息： 100
2024/12/02 11:23:59 本次测试理想化-群消息转发总数： 1100
2024/12/02 11:23:59 总接收时间耗时ms： 814
2024/12/02 11:24:00 db实际收到的发送消息条数： 100
