2024/12/02 11:27:34 

2024/12/02 11:27:34 ───────────────────┬─────┬───────┬───────┬───────┬────────┬────────┬────────┬────────┬────────┬────────┬───────
2024/12/02 11:27:34        reqtime      总耗时  请求数   成功数   失败数     QPS    最长耗时  最短耗时  平均耗时   下载字节   字节每秒   状态码  
2024/12/02 11:27:34 ───────────────────┼─────┼───────┼───────┼───────┼────────┼────────┼────────┼────────┼────────┼────────┬───────
2024/12/02 11:27:35 2024-12-02 11:27:35│   1s│      0│      0│      0│    0.00│    0.00│    0.00│    0.00│        │        │
2024/12/02 11:27:36 2024-12-02 11:27:36│   2s│    100│    100│      0│  788.10│   23.76│    6.22│   12.69│        │        │200:100
2024/12/02 11:27:37 2024-12-02 11:27:37│   3s│    100│    100│      0│  788.10│   23.76│    6.22│   12.69│        │        │200:100
2024/12/02 11:27:37 发送延时最大的消息： {"msgType":1003,"operationId":"1733110055820761000_0_dxniv7sq0jr","code":0,"message":"","data":"{\"serverMsgId\":\"fo5nlduhwtb\",\"clientMsgId\":\"1733110055820761000_0_dxniv7sq0jr\",\"sendTime\":\"1733110055\"}"}
2024/12/02 11:27:37 发送延时时间： 23 ms
2024/12/02 11:27:37 

2024/12/02 11:27:37 *************************  结果 stat  ****************************
2024/12/02 11:27:37 处理协程数量: 10
2024/12/02 11:27:37 请求总数（并发数*请求数 -c * -n）: 100 程序运行时间: 3.026 秒 successNum: 100 failureNum: 0
2024/12/02 11:27:37 tp90: 16.000
2024/12/02 11:27:37 tp95: 19.000
2024/12/02 11:27:37 tp99: 23.000
2024/12/02 11:27:37 *************************  结果 end   ****************************
2024/12/02 11:27:37 

2024/12/02 11:27:37 消息接收开始时间： 2024-12-02 11:27:36
2024/12/02 11:27:37 消息接收结束时间： 2024-12-02 11:27:36
2024/12/02 11:27:37 最后一条消息发送时间： 2024-12-02 11:27:35
2024/12/02 11:27:37 最后一条发送消息： 
	{
	 "msgType": 1003,
	 "operationId": "1733110055820761000_0_dxniv7sq0jr",
	 "data": "{\"sid\":\"udxna1v6b1af\",\"gid\":\"dxniv7sq0jr\",\"sty\":2,\"cty\":101,\"cmid\":\"1733110055820761000_0_dxniv7sq0jr\",\"c\":\"1733110055820761000_udxna1v6b1af_dxniv7sq0jr_0\"}"
	}
2024/12/02 11:27:37 模客户端共计收到消息： 20
2024/12/02 11:27:37 模客户端收到正确消息： 20
2024/12/02 11:27:37 模客户端消息平均延时ms： 83
2024/12/02 11:27:37 模客户端消息最大延时ms： 992
2024/12/02 11:27:37 模客户端消息最大延时的content： 1733110055902635600_udxna1v6m9tz_dxniv7t6vd3_2---接收时间：1733110056895605600
2024/12/02 11:27:37 模客户端总接收时间耗时ms： 398
2024/12/02 11:27:37 总处理时间ms： 1075
2024/12/02 11:27:37 平均消息请求处理TPS： 929
2024/12/02 11:27:37 平均消息处理瞬时qps： 119
2024/12/02 11:27:37 有遗漏消息客户端总数： 0
2024/12/02 11:27:37 所有客户端接收到的总消息： 100
2024/12/02 11:27:37 本次测试理想化-群消息转发总数： 1100
2024/12/02 11:27:37 总接收时间耗时ms： 765
2024/12/02 11:27:38 db实际收到的发送消息条数： 100
