2024/12/02 13:53:49 

2024/12/02 13:53:49 ───────────────────┬─────┬───────┬───────┬───────┬────────┬────────┬────────┬────────┬────────┬────────┬───────
2024/12/02 13:53:49        reqtime      总耗时  请求数   成功数   失败数     QPS    最长耗时  最短耗时  平均耗时   下载字节   字节每秒   状态码  
2024/12/02 13:53:49 ───────────────────┼─────┼───────┼───────┼───────┼────────┼────────┼────────┼────────┼────────┼────────┬───────
2024/12/02 13:53:50 2024-12-02 13:53:50│   1s│      0│      0│      0│    0.00│    0.00│    0.00│    0.00│        │        │
2024/12/02 13:53:51 2024-12-02 13:53:51│   2s│    100│    100│      0│  789.40│   19.02│    9.14│   12.67│        │        │200:100
2024/12/02 13:53:52 2024-12-02 13:53:52│   3s│    100│    100│      0│  789.40│   19.02│    9.14│   12.67│        │        │200:100
2024/12/02 13:53:53 2024-12-02 13:53:53│   4s│    100│    100│      0│  789.40│   19.02│    9.14│   12.67│        │        │200:100
2024/12/02 13:53:54 2024-12-02 13:53:54│   5s│    100│    100│      0│  789.40│   19.02│    9.14│   12.67│        │        │200:100
2024/12/02 13:53:55 2024-12-02 13:53:55│   6s│    100│    100│      0│  789.40│   19.02│    9.14│   12.67│        │        │200:100
2024/12/02 13:53:56 2024-12-02 13:53:56│   7s│    100│    100│      0│  789.40│   19.02│    9.14│   12.67│        │        │200:100
2024/12/02 13:53:57 2024-12-02 13:53:57│   8s│    100│    100│      0│  789.40│   19.02│    9.14│   12.67│        │        │200:100
2024/12/02 13:53:58 2024-12-02 13:53:58│   9s│    100│    100│      0│  789.40│   19.02│    9.14│   12.67│        │        │200:100
2024/12/02 13:53:59 2024-12-02 13:53:59│  10s│    100│    100│      0│  789.40│   19.02│    9.14│   12.67│        │        │200:100
2024/12/02 13:54:00 2024-12-02 13:54:00│  11s│    100│    100│      0│  789.40│   19.02│    9.14│   12.67│        │        │200:100
2024/12/02 13:54:01 2024-12-02 13:54:01│  12s│    100│    100│      0│  789.40│   19.02│    9.14│   12.67│        │        │200:100
2024/12/02 13:54:02 2024-12-02 13:54:02│  13s│    100│    100│      0│  789.40│   19.02│    9.14│   12.67│        │        │200:100
2024/12/02 13:54:03 2024-12-02 13:54:03│  14s│    100│    100│      0│  789.40│   19.02│    9.14│   12.67│        │        │200:100
2024/12/02 13:54:04 发送延时最大的消息： {"msgType":1003,"operationId":"1733118830707629400_3_dxniv7sq0jr","code":0,"message":"","data":"{\"serverMsgId\":\"fpj0c6wvb6n\",\"clientMsgId\":\"1733118830707629400_3_dxniv7sq0jr\",\"sendTime\":\"1733118830\"}"}
2024/12/02 13:54:04 发送延时时间： 19 ms
2024/12/02 13:54:04 

2024/12/02 13:54:04 *************************  结果 stat  ****************************
2024/12/02 13:54:04 处理协程数量: 10
2024/12/02 13:54:04 请求总数（并发数*请求数 -c * -n）: 100 程序运行时间: 14.542 秒 successNum: 100 failureNum: 0
2024/12/02 13:54:04 tp90: 17.000
2024/12/02 13:54:04 tp95: 18.000
2024/12/02 13:54:04 tp99: 19.000
2024/12/02 13:54:04 *************************  结果 end   ****************************
2024/12/02 13:54:04 

2024/12/02 13:54:04 消息接收开始时间： 2024-12-02 13:53:51
2024/12/02 13:54:04 消息接收结束时间： 2024-12-02 13:53:52
2024/12/02 13:54:04 最后一条消息发送时间： 2024-12-02 13:53:50
2024/12/02 13:54:04 最后一条发送消息： 
	{
	 "msgType": 1003,
	 "operationId": "1733118830707629400_2_dxniv7sq0jr",
	 "data": "{\"sid\":\"udxna1v6m9tz\",\"gid\":\"dxniv7sq0jr\",\"sty\":2,\"cty\":101,\"cmid\":\"1733118830707629400_2_dxniv7sq0jr\",\"c\":\"1733118830707629400_udxna1v6m9tz_dxniv7sq0jr_2\"}"
	}
2024/12/02 13:54:04 模客户端共计收到消息： 20
2024/12/02 13:54:04 模客户端收到正确消息： 20
2024/12/02 13:54:04 模客户端消息平均延时ms： 106
2024/12/02 13:54:04 模客户端消息最大延时ms： 1382
2024/12/02 13:54:04 模客户端消息最大延时的content： 1733118830785179100_udxna1v7plqf_dxniv7t6vd3_9---接收时间：1733118832167444600
2024/12/02 13:54:04 模客户端总接收时间耗时ms： 692
2024/12/02 13:54:04 总处理时间ms： 1474
2024/12/02 13:54:04 平均消息请求处理TPS： 678
2024/12/02 13:54:04 平均消息处理瞬时qps： 93
2024/12/02 13:54:04 有遗漏消息客户端总数： 0
2024/12/02 13:54:04 所有客户端接收到的总消息： 100
2024/12/02 13:54:04 本次测试理想化-群消息转发总数： 1100
2024/12/02 13:54:04 总接收时间耗时ms： 911
