2024/12/02 11:36:10 

2024/12/02 11:36:10 ───────────────────┬─────┬───────┬───────┬───────┬────────┬────────┬────────┬────────┬────────┬────────┬───────
2024/12/02 11:36:10        reqtime      总耗时  请求数   成功数   失败数     QPS    最长耗时  最短耗时  平均耗时   下载字节   字节每秒   状态码  
2024/12/02 11:36:10 ───────────────────┼─────┼───────┼───────┼───────┼────────┼────────┼────────┼────────┼────────┼────────┬───────
2024/12/02 11:36:11 2024-12-02 11:36:11│   1s│      0│      0│      0│    0.00│    0.00│    0.00│    0.00│        │        │
2024/12/02 11:36:12 2024-12-02 11:36:12│   2s│    100│    100│      0│  823.35│   23.08│    6.62│   12.15│        │        │200:100
2024/12/02 11:36:13 2024-12-02 11:36:13│   3s│    100│    100│      0│  823.35│   23.08│    6.62│   12.15│        │        │200:100
2024/12/02 11:36:13 出现panic send on closed channel
2024/12/02 11:36:13 出现panic send on closed channel
2024/12/02 11:36:13 出现panic send on closed channel
2024/12/02 11:36:13 出现panic send on closed channel
2024/12/02 11:36:13 出现panic send on closed channel
2024/12/02 11:36:13 出现panic send on closed channel
2024/12/02 11:36:13 出现panic send on closed channel
2024/12/02 11:36:13 出现panic send on closed channel
2024/12/02 11:36:13 出现panic send on closed channel
2024/12/02 11:36:13 出现panic send on closed channel
2024/12/02 11:36:13 发送延时最大的消息： {"msgType":1003,"operationId":"1733110571633302700_2_dxniv7sq0jr","code":0,"message":"","data":"{\"serverMsgId\":\"fofhabv7uqn\",\"clientMsgId\":\"1733110571633302700_2_dxniv7sq0jr\",\"sendTime\":\"1733110571\"}"}
2024/12/02 11:36:13 发送延时时间： 23 ms
2024/12/02 11:36:13 

2024/12/02 11:36:13 *************************  结果 stat  ****************************
2024/12/02 11:36:13 处理协程数量: 10
2024/12/02 11:36:13 请求总数（并发数*请求数 -c * -n）: 100 程序运行时间: 3.027 秒 successNum: 100 failureNum: 0
2024/12/02 11:36:13 tp90: 20.000
2024/12/02 11:36:13 tp95: 21.000
2024/12/02 11:36:13 tp99: 23.000
2024/12/02 11:36:13 *************************  结果 end   ****************************
2024/12/02 11:36:13 

2024/12/02 11:36:13 消息接收开始时间： 2024-12-02 11:36:11
2024/12/02 11:36:13 消息接收结束时间： 2024-12-02 11:36:12
2024/12/02 11:36:13 最后一条消息发送时间： 2024-12-02 11:36:11
2024/12/02 11:36:13 最后一条发送消息： 
	{
	 "msgType": 1003,
	 "operationId": "1733110571633302700_8_dxniv7sq0jr",
	 "data": "{\"sid\":\"udxna1v7jzgn\",\"gid\":\"dxniv7sq0jr\",\"sty\":2,\"cty\":101,\"cmid\":\"1733110571633302700_8_dxniv7sq0jr\",\"c\":\"1733110571633302700_udxna1v7jzgn_dxniv7sq0jr_8\"}"
	}
2024/12/02 11:36:13 模客户端共计收到消息： 20
2024/12/02 11:36:13 模客户端收到正确消息： 20
2024/12/02 11:36:13 模客户端消息平均延时ms： 42
2024/12/02 11:36:13 模客户端消息最大延时ms： 619
2024/12/02 11:36:13 模客户端消息最大延时的content： 1733110571665648100_udxna1v6gnk7_dxnit2do9xj_1---接收时间：1733110572284732000
2024/12/02 11:36:13 模客户端总接收时间耗时ms： 362
2024/12/02 11:36:13 总处理时间ms： 1076
2024/12/02 11:36:13 平均消息请求处理TPS： 928
2024/12/02 11:36:13 平均消息处理瞬时qps： 237
2024/12/02 11:36:13 有遗漏消息客户端总数： 0
2024/12/02 11:36:13 所有客户端接收到的总消息： 100
2024/12/02 11:36:13 本次测试理想化-群消息转发总数： 1100
2024/12/02 11:36:13 总接收时间耗时ms： 812
2024/12/02 11:36:14 db实际收到的发送消息条数： 100
