2024/12/02 11:07:26 

2024/12/02 11:07:26 ───────────────────┬─────┬───────┬───────┬───────┬────────┬────────┬────────┬────────┬────────┬────────┬───────
2024/12/02 11:07:26        reqtime      总耗时  请求数   成功数   失败数     QPS    最长耗时  最短耗时  平均耗时   下载字节   字节每秒   状态码  
2024/12/02 11:07:26 ───────────────────┼─────┼───────┼───────┼───────┼────────┼────────┼────────┼────────┼────────┼────────┬───────
2024/12/02 11:07:27 2024-12-02 11:07:27│   1s│      0│      0│      0│    0.00│    0.00│    0.00│    0.00│        │        │
2024/12/02 11:07:28 2024-12-02 11:07:28│   2s│    100│    100│      0│  173.69│  111.99│   29.14│   57.57│        │        │200:100
2024/12/02 11:07:29 2024-12-02 11:07:29│   3s│    100│    100│      0│  173.69│  111.99│   29.14│   57.57│        │        │200:100
2024/12/02 11:07:29 出现panic send on closed channel
2024/12/02 11:07:29 出现panic send on closed channel
2024/12/02 11:07:29 出现panic send on closed channel
2024/12/02 11:07:29 出现panic send on closed channel
2024/12/02 11:07:29 出现panic send on closed channel
2024/12/02 11:07:29 出现panic send on closed channel
2024/12/02 11:07:29 出现panic send on closed channel
2024/12/02 11:07:29 出现panic send on closed channel
2024/12/02 11:07:29 出现panic send on closed channel
2024/12/02 11:07:29 出现panic send on closed channel
2024/12/02 11:07:29 发送延时最大的消息： {"msgType":1003,"operationId":"1733108847484987200_1_dxniv7sq0jr","code":0,"message":"","data":"{\"serverMsgId\":\"fnump937fq7\",\"clientMsgId\":\"1733108847484987200_1_dxniv7sq0jr\",\"sendTime\":\"1733108847\"}"}
2024/12/02 11:07:29 发送延时时间： 111 ms
2024/12/02 11:07:29 

2024/12/02 11:07:29 *************************  结果 stat  ****************************
2024/12/02 11:07:29 处理协程数量: 10
2024/12/02 11:07:29 请求总数（并发数*请求数 -c * -n）: 100 程序运行时间: 3.021 秒 successNum: 100 failureNum: 0
2024/12/02 11:07:29 tp90: 106.000
2024/12/02 11:07:29 tp95: 110.000
2024/12/02 11:07:29 tp99: 111.000
2024/12/02 11:07:29 *************************  结果 end   ****************************
2024/12/02 11:07:29 

2024/12/02 11:07:29 消息接收开始时间： 2024-12-02 11:07:28
2024/12/02 11:07:29 消息接收结束时间： 2024-12-02 11:07:29
2024/12/02 11:07:29 最后一条消息发送时间： 2024-12-02 11:07:27
2024/12/02 11:07:29 最后一条发送消息： 
	{
	 "msgType": 1003,
	 "operationId": "1733108847484987200_1_dxniv7sq0jr",
	 "data": "{\"sid\":\"udxna1v6gnk7\",\"gid\":\"dxniv7sq0jr\",\"sty\":2,\"cty\":101,\"cmid\":\"1733108847484987200_1_dxniv7sq0jr\",\"c\":\"1733108847484987200_udxna1v6gnk7_dxniv7sq0jr_1\"}"
	}
2024/12/02 11:07:29 模客户端共计收到消息： 20
2024/12/02 11:07:29 模客户端收到正确消息： 20
2024/12/02 11:07:29 模客户端消息平均延时ms： 56
2024/12/02 11:07:29 模客户端消息最大延时ms： 792
2024/12/02 11:07:29 模客户端消息最大延时的content： 1733108847645911500_udxna1v6b1af_dxnit2do9xj_0---接收时间：1733108848438539000
2024/12/02 11:07:29 模客户端总接收时间耗时ms： 303
2024/12/02 11:07:29 总处理时间ms： 1549
2024/12/02 11:07:29 平均消息请求处理TPS： 645
2024/12/02 11:07:29 平均消息处理瞬时qps： 177
2024/12/02 11:07:29 有遗漏消息客户端总数： 0
2024/12/02 11:07:29 所有客户端接收到的总消息： 100
2024/12/02 11:07:29 本次测试理想化-群消息转发总数： 1100
2024/12/02 11:07:29 总接收时间耗时ms： 886
