2024/12/02 13:55:34 

2024/12/02 13:55:34 ───────────────────┬─────┬───────┬───────┬───────┬────────┬────────┬────────┬────────┬────────┬────────┬───────
2024/12/02 13:55:34        reqtime      总耗时  请求数   成功数   失败数     QPS    最长耗时  最短耗时  平均耗时   下载字节   字节每秒   状态码  
2024/12/02 13:55:34 ───────────────────┼─────┼───────┼───────┼───────┼────────┼────────┼────────┼────────┼────────┼────────┬───────
2024/12/02 13:55:35 2024-12-02 13:55:35│   1s│      0│      0│      0│    0.00│    0.00│    0.00│    0.00│        │        │
2024/12/02 13:55:36 2024-12-02 13:55:36│   2s│    100│    100│      0│  801.92│   18.29│    6.70│   12.47│        │        │200:100
2024/12/02 13:55:37 2024-12-02 13:55:37│   3s│    100│    100│      0│  801.92│   18.29│    6.70│   12.47│        │        │200:100
2024/12/02 13:55:38 2024-12-02 13:55:38│   4s│    100│    100│      0│  801.92│   18.29│    6.70│   12.47│        │        │200:100
2024/12/02 13:55:39 2024-12-02 13:55:39│   5s│    100│    100│      0│  801.92│   18.29│    6.70│   12.47│        │        │200:100
2024/12/02 13:55:40 2024-12-02 13:55:40│   6s│    100│    100│      0│  801.92│   18.29│    6.70│   12.47│        │        │200:100
2024/12/02 13:55:41 2024-12-02 13:55:41│   7s│    100│    100│      0│  801.92│   18.29│    6.70│   12.47│        │        │200:100
2024/12/02 13:55:42 2024-12-02 13:55:42│   8s│    100│    100│      0│  801.92│   18.29│    6.70│   12.47│        │        │200:100
2024/12/02 13:55:43 2024-12-02 13:55:43│   9s│    100│    100│      0│  801.92│   18.29│    6.70│   12.47│        │        │200:100
2024/12/02 13:55:44 2024-12-02 13:55:44│  10s│    100│    100│      0│  801.92│   18.29│    6.70│   12.47│        │        │200:100
2024/12/02 13:55:45 2024-12-02 13:55:45│  11s│    100│    100│      0│  801.92│   18.29│    6.70│   12.47│        │        │200:100
2024/12/02 13:55:46 2024-12-02 13:55:46│  12s│    100│    100│      0│  801.92│   18.29│    6.70│   12.47│        │        │200:100
2024/12/02 13:55:47 2024-12-02 13:55:47│  13s│    100│    100│      0│  801.92│   18.29│    6.70│   12.47│        │        │200:100
2024/12/02 13:55:48 2024-12-02 13:55:48│  14s│    100│    100│      0│  801.92│   18.29│    6.70│   12.47│        │        │200:100
2024/12/02 13:55:48 发送延时最大的消息： {"msgType":1003,"operationId":"1733118935351061100_9_dxniv7sq0jr","code":0,"message":"","data":"{\"serverMsgId\":\"fpj2hknpisf\",\"clientMsgId\":\"1733118935351061100_9_dxniv7sq0jr\",\"sendTime\":\"1733118935\"}"}
2024/12/02 13:55:48 发送延时时间： 18 ms
2024/12/02 13:55:48 

2024/12/02 13:55:48 *************************  结果 stat  ****************************
2024/12/02 13:55:48 处理协程数量: 10
2024/12/02 13:55:48 请求总数（并发数*请求数 -c * -n）: 100 程序运行时间: 14.542 秒 successNum: 100 failureNum: 0
2024/12/02 13:55:48 tp90: 16.000
2024/12/02 13:55:48 tp95: 16.000
2024/12/02 13:55:48 tp99: 18.000
2024/12/02 13:55:48 *************************  结果 end   ****************************
2024/12/02 13:55:48 

2024/12/02 13:55:48 消息接收开始时间： 2024-12-02 13:55:35
2024/12/02 13:55:48 消息接收结束时间： 2024-12-02 13:55:36
2024/12/02 13:55:48 最后一条消息发送时间： 2024-12-02 13:55:35
2024/12/02 13:55:48 最后一条发送消息： 
	{
	 "msgType": 1003,
	 "operationId": "1733118935351061100_9_dxniv7sq0jr",
	 "data": "{\"sid\":\"udxna1v7plqf\",\"gid\":\"dxniv7sq0jr\",\"sty\":2,\"cty\":101,\"cmid\":\"1733118935351061100_9_dxniv7sq0jr\",\"c\":\"1733118935351061100_udxna1v7plqf_dxniv7sq0jr_9\"}"
	}
2024/12/02 13:55:48 模客户端共计收到消息： 20
2024/12/02 13:55:48 模客户端收到正确消息： 20
2024/12/02 13:55:48 模客户端消息平均延时ms： 61
2024/12/02 13:55:48 模客户端消息最大延时ms： 884
2024/12/02 13:55:48 模客户端消息最大延时的content： 1733118935462094900_udxna1v6rw3r_dxniv7tfarr_3---接收时间：1733118936347011900
2024/12/02 13:55:48 模客户端总接收时间耗时ms： 594
2024/12/02 13:55:48 总处理时间ms： 1002
2024/12/02 13:55:48 平均消息请求处理TPS： 997
2024/12/02 13:55:48 平均消息处理瞬时qps： 163
2024/12/02 13:55:48 有遗漏消息客户端总数： 0
2024/12/02 13:55:48 所有客户端接收到的总消息： 100
2024/12/02 13:55:48 本次测试理想化-群消息转发总数： 1100
2024/12/02 13:55:48 总接收时间耗时ms： 796
