2024/12/02 14:03:07 

2024/12/02 14:03:07 ───────────────────┬─────┬───────┬───────┬───────┬────────┬────────┬────────┬────────┬────────┬────────┬───────
2024/12/02 14:03:07        reqtime      总耗时  请求数   成功数   失败数     QPS    最长耗时  最短耗时  平均耗时   下载字节   字节每秒   状态码  
2024/12/02 14:03:07 ───────────────────┼─────┼───────┼───────┼───────┼────────┼────────┼────────┼────────┼────────┼────────┬───────
2024/12/02 14:03:08 2024-12-02 14:03:08│   1s│      0│      0│      0│    0.00│    0.00│    0.00│    0.00│        │        │
2024/12/02 14:03:09 2024-12-02 14:03:09│   2s│    100│    100│      0│  710.64│   27.08│    5.19│   14.07│        │        │200:100
2024/12/02 14:03:09 出现panic send on closed channel
2024/12/02 14:03:09 出现panic send on closed channel
2024/12/02 14:03:09 出现panic send on closed channel
2024/12/02 14:03:09 出现panic send on closed channel
2024/12/02 14:03:09 出现panic send on closed channel
2024/12/02 14:03:09 出现panic send on closed channel
2024/12/02 14:03:09 出现panic send on closed channel
2024/12/02 14:03:09 出现panic send on closed channel
2024/12/02 14:03:09 出现panic send on closed channel
2024/12/02 14:03:09 出现panic send on closed channel
2024/12/02 14:03:09 发送延时最大的消息： {"msgType":1003,"operationId":"1733119389076425800_2_dxniqprns5j","code":0,"message":"","data":"{\"serverMsgId\":\"fpj5iefa5pb\",\"clientMsgId\":\"1733119389076425800_2_dxniqprns5j\",\"sendTime\":\"1733119389\"}"}
2024/12/02 14:03:09 发送延时时间： 27 ms
2024/12/02 14:03:09 

2024/12/02 14:03:09 *************************  结果 stat  ****************************
2024/12/02 14:03:09 处理协程数量: 10
2024/12/02 14:03:09 请求总数（并发数*请求数 -c * -n）: 100 程序运行时间: 2.018 秒 successNum: 100 failureNum: 0
2024/12/02 14:03:09 tp90: 18.000
2024/12/02 14:03:09 tp95: 20.000
2024/12/02 14:03:09 tp99: 27.000
2024/12/02 14:03:09 *************************  结果 end   ****************************
2024/12/02 14:03:09 

2024/12/02 14:03:09 消息接收开始时间： 2024-12-02 14:03:09
2024/12/02 14:03:09 消息接收结束时间： 2024-12-02 14:03:09
2024/12/02 14:03:09 最后一条消息发送时间： 2024-12-02 14:03:08
2024/12/02 14:03:09 最后一条发送消息： 
	{
	 "msgType": 1003,
	 "operationId": "1733119388975604800_2_dxniv7sq0jr",
	 "data": "{\"sid\":\"udxna1v6m9tz\",\"gid\":\"dxniv7sq0jr\",\"sty\":2,\"cty\":101,\"cmid\":\"1733119388975604800_2_dxniv7sq0jr\",\"c\":\"1733119388975604800_udxna1v6m9tz_dxniv7sq0jr_2\"}"
	}
2024/12/02 14:03:09 模客户端共计收到消息： 20
2024/12/02 14:03:09 模客户端收到正确消息： 20
2024/12/02 14:03:09 模客户端消息平均延时ms： 49
2024/12/02 14:03:09 模客户端消息最大延时ms： 697
2024/12/02 14:03:09 模客户端消息最大延时的content： 1733119389048469500_udxna1v78qx3_dxnit2dwpc7_6---接收时间：1733119389745746400
2024/12/02 14:03:09 模客户端总接收时间耗时ms： 359
2024/12/02 14:03:09 总处理时间ms： 983
2024/12/02 14:03:09 平均消息请求处理TPS： 1016
2024/12/02 14:03:09 平均消息处理瞬时qps： 204
2024/12/02 14:03:09 有遗漏消息客户端总数： 0
2024/12/02 14:03:09 所有客户端接收到的总消息： 100
2024/12/02 14:03:09 本次测试理想化-群消息转发总数： 1100
2024/12/02 14:03:09 总接收时间耗时ms： 812
