2024/11/07 16:14:37 

2024/11/07 16:14:37 ───────────────────┬─────┬───────┬───────┬───────┬────────┬────────┬────────┬────────┬────────┬────────┬───────
2024/11/07 16:14:37        reqtime      总耗时  请求数   成功数   失败数     QPS    最长耗时  最短耗时  平均耗时   下载字节   字节每秒   状态码  
2024/11/07 16:14:37 ───────────────────┼─────┼───────┼───────┼───────┼────────┼────────┼────────┼────────┼────────┼────────┬───────
2024/11/07 16:14:38 2024-11-07 16:14:38│   1s│      0│      0│      0│    0.00│    0.00│    0.00│    0.00│        │        │
2024/11/07 16:14:38 消息处理瞬时TPS： 435
2024/11/07 16:14:39 2024-11-07 16:14:39│   2s│    100│    100│      0│  290.40│   89.10│   18.72│   34.43│        │        │200:100
2024/11/07 16:14:40 2024-11-07 16:14:40│   3s│    100│    100│      0│  290.40│   89.10│   18.72│   34.43│        │        │200:100
2024/11/07 16:14:40 发送延时最大的消息： {"msgType":1003,"operationId":"1730967278503466600_5_dxniqprns5j","code":0,"message":"","data":"{\"serverMsgId\":\"fie143jhr33\",\"clientMsgId\":\"1730967278503466600_5_dxniqprns5j\",\"sendTime\":\"1730967278\"}"}
2024/11/07 16:14:40 发送延时时间： 89 ms
2024/11/07 16:14:40 

2024/11/07 16:14:40 *************************  结果 stat  ****************************
2024/11/07 16:14:40 处理协程数量: 10
2024/11/07 16:14:40 请求总数（并发数*请求数 -c * -n）: 100 程序运行时间: 3.002 秒 successNum: 100 failureNum: 0
2024/11/07 16:14:40 tp90: 85.000
2024/11/07 16:14:40 tp95: 88.000
2024/11/07 16:14:40 tp99: 89.000
2024/11/07 16:14:40 *************************  结果 end   ****************************
2024/11/07 16:14:40 

2024/11/07 16:14:40 消息接收开始时间： 2024-11-07 16:14:38
2024/11/07 16:14:40 消息接收结束时间： 2024-11-07 16:14:39
2024/11/07 16:14:40 最后一条消息发送时间： 2024-11-07 16:14:38
2024/11/07 16:14:40 最后一条发送消息： 
	{
	 "msgType": 1003,
	 "operationId": "1730967278301652100_7_dxniv7sq0jr",
	 "data": "{\"sid\":\"udxna1v7ed6v\",\"gid\":\"dxniv7sq0jr\",\"sty\":2,\"cty\":101,\"cmid\":\"1730967278301652100_7_dxniv7sq0jr\",\"c\":\"1730967278301652100_udxna1v7ed6v_dxniv7sq0jr_7\"}"
	}
2024/11/07 16:14:40 模客户端共计收到消息： 20
2024/11/07 16:14:40 模客户端收到正确消息： 20
2024/11/07 16:14:40 模客户端消息平均延时ms： 85
2024/11/07 16:14:40 模客户端消息最大延时ms： 1077
2024/11/07 16:14:40 模客户端消息最大延时的content： 1730967278333903500_udxna1v7jzgn_dxniqpr6xc7_8---接收时间：1730967279411843200
2024/11/07 16:14:40 模客户端总接收时间耗时ms： 345
2024/11/07 16:14:40 总处理时间ms： 1260
2024/11/07 16:14:40 平均消息请求处理TPS： 793
2024/11/07 16:14:40 平均消息处理瞬时qps： 117
2024/11/07 16:14:40 有遗漏消息客户端总数： 0
2024/11/07 16:14:40 所有客户端接收到的总消息： 100
2024/11/07 16:14:40 本次测试理想化-群消息转发总数： 1100
2024/11/07 16:14:40 总接收时间耗时ms： 839
