2024/12/02 11:15:48 

2024/12/02 11:15:48 ───────────────────┬─────┬───────┬───────┬───────┬────────┬────────┬────────┬────────┬────────┬────────┬───────
2024/12/02 11:15:48        reqtime      总耗时  请求数   成功数   失败数     QPS    最长耗时  最短耗时  平均耗时   下载字节   字节每秒   状态码  
2024/12/02 11:15:48 ───────────────────┼─────┼───────┼───────┼───────┼────────┼────────┼────────┼────────┼────────┼────────┬───────
2024/12/02 11:15:49 2024-12-02 11:15:49│   1s│      0│      0│      0│    0.00│    0.00│    0.00│    0.00│        │        │
2024/12/02 11:15:50 2024-12-02 11:15:50│   2s│    100│    100│      0│  745.83│   24.24│   10.18│   13.41│        │        │200:100
2024/12/02 11:15:51 2024-12-02 11:15:51│   3s│    100│    100│      0│  745.83│   24.24│   10.18│   13.41│        │        │200:100
2024/12/02 11:15:51 出现panic send on closed channel
2024/12/02 11:15:51 出现panic send on closed channel
2024/12/02 11:15:51 出现panic send on closed channel
2024/12/02 11:15:51 出现panic send on closed channel
2024/12/02 11:15:51 出现panic send on closed channel
2024/12/02 11:15:51 出现panic send on closed channel
2024/12/02 11:15:51 出现panic send on closed channel
2024/12/02 11:15:51 出现panic send on closed channel
2024/12/02 11:15:51 出现panic send on closed channel
2024/12/02 11:15:51 出现panic send on closed channel
2024/12/02 11:15:51 发送延时最大的消息： {"msgType":1003,"operationId":"1733109349868265700_2_dxniv7sq0jr","code":0,"message":"","data":"{\"serverMsgId\":\"fnump976pnj\",\"clientMsgId\":\"1733109349868265700_2_dxniv7sq0jr\",\"sendTime\":\"1733109349\"}"}
2024/12/02 11:15:51 发送延时时间： 24 ms
2024/12/02 11:15:51 

2024/12/02 11:15:51 *************************  结果 stat  ****************************
2024/12/02 11:15:51 处理协程数量: 10
2024/12/02 11:15:51 请求总数（并发数*请求数 -c * -n）: 100 程序运行时间: 3.030 秒 successNum: 100 failureNum: 0
2024/12/02 11:15:51 tp90: 20.000
2024/12/02 11:15:51 tp95: 22.000
2024/12/02 11:15:51 tp99: 24.000
2024/12/02 11:15:51 *************************  结果 end   ****************************
2024/12/02 11:15:51 

2024/12/02 11:15:51 消息接收开始时间： 2024-12-02 11:15:50
2024/12/02 11:15:51 消息接收结束时间： 2024-12-02 11:15:50
2024/12/02 11:15:51 最后一条消息发送时间： 2024-12-02 11:15:49
2024/12/02 11:15:51 最后一条发送消息： 
	{
	 "msgType": 1003,
	 "operationId": "1733109349868265700_2_dxniv7sq0jr",
	 "data": "{\"sid\":\"udxna1v6m9tz\",\"gid\":\"dxniv7sq0jr\",\"sty\":2,\"cty\":101,\"cmid\":\"1733109349868265700_2_dxniv7sq0jr\",\"c\":\"1733109349868265700_udxna1v6m9tz_dxniv7sq0jr_2\"}"
	}
2024/12/02 11:15:51 模客户端共计收到消息： 20
2024/12/02 11:15:51 模客户端收到正确消息： 20
2024/12/02 11:15:51 模客户端消息平均延时ms： 44
2024/12/02 11:15:51 模客户端消息最大延时ms： 636
2024/12/02 11:15:51 模客户端消息最大延时的content： 1733109349868265700_udxna1v78qx3_dxniv7sq0jr_6---接收时间：1733109350504421300
2024/12/02 11:15:51 模客户端总接收时间耗时ms： 334
2024/12/02 11:15:51 总处理时间ms： 1087
2024/12/02 11:15:51 平均消息请求处理TPS： 919
2024/12/02 11:15:51 平均消息处理瞬时qps： 224
2024/12/02 11:15:51 有遗漏消息客户端总数： 0
2024/12/02 11:15:51 所有客户端接收到的总消息： 100
2024/12/02 11:15:51 本次测试理想化-群消息转发总数： 1100
2024/12/02 11:15:51 总接收时间耗时ms： 797
